2017-09-25 17:27:33,377 INFO c.m.s.App [restartedMain] Starting App on wuketao-PC with PID 10956 (E:\Exercise\github\springboot_java\target\classes started by wuketao in E:\Exercise\github\springboot_java)
2017-09-25 17:27:33,417 INFO c.m.s.App [restartedMain] No active profile set, falling back to default profiles: default
2017-09-25 17:27:33,685 INFO o.s.b.c.e.AnnotationConfigEmbeddedWebApplicationContext [restartedMain] Refreshing org.springframework.boot.context.embedded.AnnotationConfigEmbeddedWebApplicationContext@454377fb: startup date [Mon Sep 25 17:27:33 CST 2017]; root of context hierarchy
2017-09-25 17:27:33,759 INFO o.h.v.i.u.Version [background-preinit] HV000001: Hibernate Validator 5.2.4.Final
2017-09-25 17:27:38,067 INFO o.s.c.s.PostProcessorRegistrationDelegate$BeanPostProcessorChecker [restartedMain] Bean 'org.springframework.transaction.annotation.ProxyTransactionManagementConfiguration' of type [class org.springframework.transaction.annotation.ProxyTransactionManagementConfiguration$$EnhancerBySpringCGLIB$$a79ed463] is not eligible for getting processed by all BeanPostProcessors (for example: not eligible for auto-proxying)
2017-09-25 17:27:39,931 INFO o.e.j.u.log [restartedMain] Logging initialized @10664ms
2017-09-25 17:27:40,514 INFO o.s.b.c.e.j.JettyEmbeddedServletContainerFactory [restartedMain] Server initialized with port: 80
2017-09-25 17:27:40,619 INFO o.e.j.s.Server [restartedMain] jetty-9.3.11.v20160721
2017-09-25 17:27:41,020 INFO application [restartedMain] Initializing Spring embedded WebApplicationContext
2017-09-25 17:27:41,022 INFO o.s.w.c.ContextLoader [restartedMain] Root WebApplicationContext: initialization completed in 7342 ms
2017-09-25 17:27:41,992 INFO o.s.b.w.s.ServletRegistrationBean [restartedMain] Mapping servlet: 'dispatcherServlet' to [/]
2017-09-25 17:27:41,995 INFO o.s.b.w.s.ServletRegistrationBean [restartedMain] Mapping servlet: 'webServlet' to [/h2-console/*]
2017-09-25 17:27:41,996 INFO o.s.b.w.s.FilterRegistrationBean [restartedMain] Mapping filter: 'characterEncodingFilter' to: [/*]
2017-09-25 17:27:41,996 INFO o.s.b.w.s.FilterRegistrationBean [restartedMain] Mapping filter: 'hiddenHttpMethodFilter' to: [/*]
2017-09-25 17:27:41,997 INFO o.s.b.w.s.FilterRegistrationBean [restartedMain] Mapping filter: 'httpPutFormContentFilter' to: [/*]
2017-09-25 17:27:41,997 INFO o.s.b.w.s.FilterRegistrationBean [restartedMain] Mapping filter: 'requestContextFilter' to: [/*]
2017-09-25 17:27:42,291 INFO o.e.j.s.h.ContextHandler [restartedMain] Started o.s.b.c.e.j.JettyEmbeddedWebAppContext@5ba0a279{/,file:///C:/Users/wuketao/AppData/Local/Temp/jetty-docbase.8101083363463097015.80/,AVAILABLE}
2017-09-25 17:27:42,292 INFO o.e.j.s.Server [restartedMain] Started @13028ms
2017-09-25 17:27:42,571 INFO c.z.h.HikariDataSource [restartedMain] HikariPool-1 - Started.
2017-09-25 17:27:43,659 INFO o.s.o.j.LocalContainerEntityManagerFactoryBean [restartedMain] Building JPA container EntityManagerFactory for persistence unit 'default'
2017-09-25 17:27:43,712 INFO o.h.j.i.u.LogHelper [restartedMain] HHH000204: Processing PersistenceUnitInfo [
	name: default
	...]
2017-09-25 17:27:44,020 INFO o.h.Version [restartedMain] HHH000412: Hibernate Core {5.0.9.Final}
2017-09-25 17:27:44,022 INFO o.h.c.Environment [restartedMain] HHH000206: hibernate.properties not found
2017-09-25 17:27:44,024 INFO o.h.c.Environment [restartedMain] HHH000021: Bytecode provider name : javassist
2017-09-25 17:27:44,119 INFO o.h.a.c.Version [restartedMain] HCANN000001: Hibernate Commons Annotations {5.0.1.Final}
2017-09-25 17:27:44,465 INFO o.h.d.Dialect [restartedMain] HHH000400: Using dialect: org.hibernate.dialect.MySQL5Dialect
2017-09-25 17:27:45,270 INFO o.h.t.h.SchemaUpdate [restartedMain] HHH000228: Running hbm2ddl schema update
2017-09-25 17:27:45,290 INFO o.h.t.s.e.i.InformationExtractorJdbcDatabaseMetaDataImpl [restartedMain] HHH000262: Table not found: city
2017-09-25 17:27:45,291 INFO o.h.t.s.e.i.InformationExtractorJdbcDatabaseMetaDataImpl [restartedMain] HHH000262: Table not found: city
2017-09-25 17:27:45,671 INFO o.h.t.s.e.i.InformationExtractorJdbcDatabaseMetaDataImpl [restartedMain] HHH000262: Table not found: user
2017-09-25 17:27:45,672 INFO o.h.t.s.e.i.InformationExtractorJdbcDatabaseMetaDataImpl [restartedMain] HHH000262: Table not found: user
2017-09-25 17:27:46,062 INFO o.s.o.j.LocalContainerEntityManagerFactoryBean [restartedMain] Initialized JPA EntityManagerFactory for persistence unit 'default'
2017-09-25 17:27:51,296 INFO o.s.w.s.m.m.a.RequestMappingHandlerMapping [restartedMain] Mapped "{[/user/save],methods=[POST]}" onto public com.ms.springbootdemo_version009.bean.User com.ms.springbootdemo_version009.controller.UserController.save(com.ms.springbootdemo_version009.bean.RequestSaveUser)
2017-09-25 17:27:51,298 INFO o.s.w.s.m.m.a.RequestMappingHandlerMapping [restartedMain] Mapped "{[/user/query],methods=[GET]}" onto public org.springframework.web.servlet.ModelAndView com.ms.springbootdemo_version009.controller.UserController.query(org.springframework.web.servlet.ModelAndView)
2017-09-25 17:27:51,298 INFO o.s.w.s.m.m.a.RequestMappingHandlerMapping [restartedMain] Mapped "{[/user/findAll],methods=[GET]}" onto public java.util.List<com.ms.springbootdemo_version009.bean.User> com.ms.springbootdemo_version009.controller.UserController.findAll(java.lang.String,java.lang.String,com.ms.springbootdemo_version009.bean.SexEnum,java.util.Date,java.util.Date,java.lang.String)
2017-09-25 17:27:51,298 INFO o.s.w.s.m.m.a.RequestMappingHandlerMapping [restartedMain] Mapped "{[/user/demo],methods=[GET]}" onto public org.springframework.web.servlet.ModelAndView com.ms.springbootdemo_version009.controller.UserController.demo(org.springframework.web.servlet.ModelAndView)
2017-09-25 17:27:51,299 INFO o.s.w.s.m.m.a.RequestMappingHandlerMapping [restartedMain] Mapped "{[/user/findAllByPage],methods=[GET]}" onto public org.springframework.data.domain.Page<com.ms.springbootdemo_version009.bean.User> com.ms.springbootdemo_version009.controller.UserController.findAllByPage(java.lang.String,java.lang.String,com.ms.springbootdemo_version009.bean.SexEnum,java.util.Date,java.util.Date,java.lang.String,java.lang.Integer,java.lang.Integer)
2017-09-25 17:27:51,302 INFO o.s.w.s.m.m.a.RequestMappingHandlerMapping [restartedMain] Mapped "{[/v2/api-docs],methods=[GET],produces=[application/json || application/hal+json]}" onto public org.springframework.http.ResponseEntity<springfox.documentation.spring.web.json.Json> springfox.documentation.swagger2.web.Swagger2Controller.getDocumentation(java.lang.String,javax.servlet.http.HttpServletRequest)
2017-09-25 17:27:51,307 INFO o.s.w.s.m.m.a.RequestMappingHandlerMapping [restartedMain] Mapped "{[/swagger-resources]}" onto org.springframework.http.ResponseEntity<java.util.List<springfox.documentation.swagger.web.SwaggerResource>> springfox.documentation.swagger.web.ApiResourceController.swaggerResources()
2017-09-25 17:27:51,309 INFO o.s.w.s.m.m.a.RequestMappingHandlerMapping [restartedMain] Mapped "{[/swagger-resources/configuration/ui]}" onto org.springframework.http.ResponseEntity<springfox.documentation.swagger.web.UiConfiguration> springfox.documentation.swagger.web.ApiResourceController.uiConfiguration()
2017-09-25 17:27:51,311 INFO o.s.w.s.m.m.a.RequestMappingHandlerMapping [restartedMain] Mapped "{[/swagger-resources/configuration/security]}" onto org.springframework.http.ResponseEntity<springfox.documentation.swagger.web.SecurityConfiguration> springfox.documentation.swagger.web.ApiResourceController.securityConfiguration()
2017-09-25 17:27:51,314 INFO o.s.w.s.m.m.a.RequestMappingHandlerMapping [restartedMain] Mapped "{[/error]}" onto public org.springframework.http.ResponseEntity<java.util.Map<java.lang.String, java.lang.Object>> org.springframework.boot.autoconfigure.web.BasicErrorController.error(javax.servlet.http.HttpServletRequest)
2017-09-25 17:27:51,315 INFO o.s.w.s.m.m.a.RequestMappingHandlerMapping [restartedMain] Mapped "{[/error],produces=[text/html]}" onto public org.springframework.web.servlet.ModelAndView org.springframework.boot.autoconfigure.web.BasicErrorController.errorHtml(javax.servlet.http.HttpServletRequest,javax.servlet.http.HttpServletResponse)
2017-09-25 17:27:52,090 INFO o.s.s.c.ThreadPoolTaskScheduler [restartedMain] Initializing ExecutorService  'getThreadPoolTaskScheduler'
2017-09-25 17:27:52,579 INFO o.s.w.s.m.m.a.RequestMappingHandlerAdapter [restartedMain] Looking for @ControllerAdvice: org.springframework.boot.context.embedded.AnnotationConfigEmbeddedWebApplicationContext@454377fb: startup date [Mon Sep 25 17:27:33 CST 2017]; root of context hierarchy
2017-09-25 17:27:52,995 INFO o.s.w.s.h.SimpleUrlHandlerMapping [restartedMain] Mapped URL path [/webjars/**] onto handler of type [class org.springframework.web.servlet.resource.ResourceHttpRequestHandler]
2017-09-25 17:27:52,995 INFO o.s.w.s.h.SimpleUrlHandlerMapping [restartedMain] Mapped URL path [/**] onto handler of type [class org.springframework.web.servlet.resource.ResourceHttpRequestHandler]
2017-09-25 17:27:53,428 INFO o.s.w.s.h.SimpleUrlHandlerMapping [restartedMain] Mapped URL path [/**/favicon.ico] onto handler of type [class org.springframework.web.servlet.resource.ResourceHttpRequestHandler]
2017-09-25 17:27:55,590 INFO o.s.w.s.v.v.VelocityConfigurer [restartedMain] ClasspathResourceLoader with name 'springMacro' added to configured VelocityEngine
2017-09-25 17:27:55,989 INFO o.s.b.d.a.OptionalLiveReloadServer [restartedMain] LiveReload server is running on port 35729
2017-09-25 17:27:56,248 INFO o.s.j.e.a.AnnotationMBeanExporter [restartedMain] Registering beans for JMX exposure on startup
2017-09-25 17:27:56,251 INFO o.s.j.e.a.AnnotationMBeanExporter [restartedMain] Bean with name 'dataSourceConfig' has been autodetected for JMX exposure
2017-09-25 17:27:56,251 INFO o.s.j.e.a.AnnotationMBeanExporter [restartedMain] Bean with name 'dataSource' has been autodetected for JMX exposure
